[debug] [2019-02-12T08:14:32.330Z] ----------------------------------------------------------------------
[debug] [2019-02-12T08:14:32.333Z] Command:       C:\Program Files\nodejs\node.exe C:\Users\sungje.kim\AppData\Roaming\npm\node_modules\firebase-tools\lib\bin\firebase.js serve
[debug] [2019-02-12T08:14:32.333Z] CLI Version:   6.3.1
[debug] [2019-02-12T08:14:32.333Z] Platform:      win32
[debug] [2019-02-12T08:14:32.333Z] Node Version:  v10.15.1
[debug] [2019-02-12T08:14:32.336Z] Time:          Tue Feb 12 2019 17:14:32 GMT+0900 (GMT+09:00)
[debug] [2019-02-12T08:14:32.336Z] ----------------------------------------------------------------------
[debug] 
[debug] [2019-02-12T08:14:32.351Z] > command requires scopes: ["email","openid","https://www.googleapis.com/auth/cloudplatformprojects.readonly","https://www.googleapis.com/auth/firebase","https://www.googleapis.com/auth/cloud-platform"]
[debug] [2019-02-12T08:14:32.351Z] > authorizing via signed-in user
[debug] [2019-02-12T08:14:32.351Z] [iam] checking project afko-gbook for permissions ["firebase.projects.get"]
[debug] [2019-02-12T08:14:32.354Z] >>> HTTP REQUEST POST https://cloudresourcemanager.googleapis.com/v1/projects/afko-gbook:testIamPermissions  

[debug] [2019-02-12T08:14:33.722Z] <<< HTTP RESPONSE 200
[debug] [2019-02-12T08:14:33.725Z] >>> HTTP REQUEST GET https://cloudresourcemanager.googleapis.com/v1/projects/afko-gbook  
 
[debug] [2019-02-12T08:14:34.954Z] <<< HTTP RESPONSE 200
[info] 
[info] === Serving from 'C:\afko\gbook'...
[info] 
[debug] [2019-02-12T08:14:34.957Z] >>> HTTP REQUEST GET https://mobilesdk-pa.googleapis.com/v1/projects/769455268887/clients/_:getWebAppConfig  
 
[debug] [2019-02-12T08:14:35.832Z] <<< HTTP RESPONSE 200
[info] i  hosting: Serving hosting files from: public
[info] +  hosting: Local server: http://localhost:5000
